{"uuid":"398da419-8741-47b8-8961-621c34f53068","historyId":"9aaeef03e486bf3b6ce056228be020b0","fullName":"tests.form.FormTest.testFormInput","labels":[{"name":"package","value":"tests.form.FormTest"},{"name":"testClass","value":"tests.form.FormTest"},{"name":"testMethod","value":"testFormInput"},{"name":"parentSuite","value":"Regression"},{"name":"suite","value":"Authentication 01 "},{"name":"subSuite","value":"tests.form.FormTest"},{"name":"host","value":"DESKTOP-D2BPQHC"},{"name":"thread","value":"3044@DESKTOP-D2BPQHC.TestNG-tests-1(15)"},{"name":"framework","value":"testng"},{"name":"language","value":"java"}],"links":[],"name":"testFormInput","status":"broken","statusDetails":{"known":false,"muted":false,"flaky":false,"message":"Cannot set the element to 'Testing'. Did you interact with the correct element?\nBuild info: version: '3.141.59', revision: 'e82be7d358', time: '2018-11-14T08:17:03'\nSystem info: host: 'DESKTOP-D2BPQHC', ip: '192.168.0.102', os.name: 'Windows 10', os.arch: 'amd64', os.version: '10.0', java.version: '11.0.17'\nDriver info: io.appium.java_client.android.AndroidDriver\nCapabilities {appActivity: com.wdiodemoapp.MainActivity, appPackage: com.wdiodemoapp, automationName: uiautomator2, databaseEnabled: false, desired: {appActivity: com.wdiodemoapp.MainActivity, appPackage: com.wdiodemoapp, automationName: uiautomator2, platformName: android, systemPort: 8300, udid: emulator-5554}, deviceApiLevel: 34, deviceManufacturer: Google, deviceModel: sdk_gphone64_x86_64, deviceName: emulator-5554, deviceScreenDensity: 560, deviceScreenSize: 1440x3120, deviceUDID: emulator-5554, javascriptEnabled: true, locationContextEnabled: false, networkConnectionEnabled: true, pixelRatio: 3.5, platform: LINUX, platformName: android, platformVersion: 14, statBarHeight: 144, systemPort: 8300, takesScreenshot: true, udid: emulator-5554, viewportRect: {height: 2748, left: 0, top: 144, width: 1440}, warnings: {}, webStorageEnabled: false}\nSession ID: 2d11a687-a347-4637-98dd-00d42a8470fc","trace":"org.openqa.selenium.InvalidElementStateException: Cannot set the element to 'Testing'. Did you interact with the correct element?\nBuild info: version: '3.141.59', revision: 'e82be7d358', time: '2018-11-14T08:17:03'\nSystem info: host: 'DESKTOP-D2BPQHC', ip: '192.168.0.102', os.name: 'Windows 10', os.arch: 'amd64', os.version: '10.0', java.version: '11.0.17'\nDriver info: io.appium.java_client.android.AndroidDriver\nCapabilities {appActivity: com.wdiodemoapp.MainActivity, appPackage: com.wdiodemoapp, automationName: uiautomator2, databaseEnabled: false, desired: {appActivity: com.wdiodemoapp.MainActivity, appPackage: com.wdiodemoapp, automationName: uiautomator2, platformName: android, systemPort: 8300, udid: emulator-5554}, deviceApiLevel: 34, deviceManufacturer: Google, deviceModel: sdk_gphone64_x86_64, deviceName: emulator-5554, deviceScreenDensity: 560, deviceScreenSize: 1440x3120, deviceUDID: emulator-5554, javascriptEnabled: true, locationContextEnabled: false, networkConnectionEnabled: true, pixelRatio: 3.5, platform: LINUX, platformName: android, platformVersion: 14, statBarHeight: 144, systemPort: 8300, takesScreenshot: true, udid: emulator-5554, viewportRect: {height: 2748, left: 0, top: 144, width: 1440}, warnings: {}, webStorageEnabled: false}\nSession ID: 2d11a687-a347-4637-98dd-00d42a8470fc\r\n\tat java.base/jdk.internal.reflect.NativeConstructorAccessorImpl.newInstance0(Native Method)\r\n\tat java.base/jdk.internal.reflect.NativeConstructorAccessorImpl.newInstance(NativeConstructorAccessorImpl.java:62)\r\n\tat java.base/jdk.internal.reflect.DelegatingConstructorAccessorImpl.newInstance(DelegatingConstructorAccessorImpl.java:45)\r\n\tat java.base/java.lang.reflect.Constructor.newInstance(Constructor.java:490)\r\n\tat org.openqa.selenium.remote.http.W3CHttpResponseCodec.createException(W3CHttpResponseCodec.java:187)\r\n\tat org.openqa.selenium.remote.http.W3CHttpResponseCodec.decode(W3CHttpResponseCodec.java:122)\r\n\tat org.openqa.selenium.remote.http.W3CHttpResponseCodec.decode(W3CHttpResponseCodec.java:49)\r\n\tat org.openqa.selenium.remote.HttpCommandExecutor.execute(HttpCommandExecutor.java:158)\r\n\tat io.appium.java_client.remote.AppiumCommandExecutor.execute(AppiumCommandExecutor.java:250)\r\n\tat org.openqa.selenium.remote.RemoteWebDriver.execute(RemoteWebDriver.java:552)\r\n\tat io.appium.java_client.DefaultGenericMobileDriver.execute(DefaultGenericMobileDriver.java:41)\r\n\tat io.appium.java_client.AppiumDriver.execute(AppiumDriver.java:1)\r\n\tat io.appium.java_client.android.AndroidDriver.execute(AndroidDriver.java:1)\r\n\tat org.openqa.selenium.remote.RemoteWebElement.execute(RemoteWebElement.java:285)\r\n\tat io.appium.java_client.DefaultGenericMobileElement.execute(DefaultGenericMobileElement.java:45)\r\n\tat io.appium.java_client.MobileElement.execute(MobileElement.java:1)\r\n\tat io.appium.java_client.android.AndroidElement.execute(AndroidElement.java:1)\r\n\tat org.openqa.selenium.remote.RemoteWebElement.sendKeys(RemoteWebElement.java:106)\r\n\tat models.components.form.FormComponent.inputTextAreaname(FormComponent.java:45)\r\n\tat test_flows.form.FormFlow.fillTheForm(FormFlow.java:72)\r\n\tat tests.form.FormTest.testFormInput(FormTest.java:13)\r\n\tat java.base/jdk.internal.reflect.NativeMethodAccessorImpl.invoke0(Native Method)\r\n\tat java.base/jdk.internal.reflect.NativeMethodAccessorImpl.invoke(NativeMethodAccessorImpl.java:62)\r\n\tat java.base/jdk.internal.reflect.DelegatingMethodAccessorImpl.invoke(DelegatingMethodAccessorImpl.java:43)\r\n\tat java.base/java.lang.reflect.Method.invoke(Method.java:566)\r\n\tat org.testng.internal.invokers.MethodInvocationHelper.invokeMethod(MethodInvocationHelper.java:135)\r\n\tat org.testng.internal.invokers.TestInvoker.invokeMethod(TestInvoker.java:673)\r\n\tat org.testng.internal.invokers.TestInvoker.invokeTestMethod(TestInvoker.java:220)\r\n\tat org.testng.internal.invokers.MethodRunner.runInSequence(MethodRunner.java:50)\r\n\tat org.testng.internal.invokers.TestInvoker$MethodInvocationAgent.invoke(TestInvoker.java:945)\r\n\tat org.testng.internal.invokers.TestInvoker.invokeTestMethods(TestInvoker.java:193)\r\n\tat org.testng.internal.invokers.TestMethodWorker.invokeTestMethods(TestMethodWorker.java:146)\r\n\tat org.testng.internal.invokers.TestMethodWorker.run(TestMethodWorker.java:128)\r\n\tat java.base/java.util.ArrayList.forEach(ArrayList.java:1541)\r\n\tat org.testng.TestRunner.privateRun(TestRunner.java:808)\r\n\tat org.testng.TestRunner.run(TestRunner.java:603)\r\n\tat org.testng.SuiteRunner.runTest(SuiteRunner.java:429)\r\n\tat org.testng.SuiteRunner.access$000(SuiteRunner.java:32)\r\n\tat org.testng.SuiteRunner$SuiteWorker.run(SuiteRunner.java:467)\r\n\tat org.testng.internal.thread.ThreadUtil.lambda$execute$0(ThreadUtil.java:58)\r\n\tat java.base/java.util.concurrent.FutureTask.run(FutureTask.java:264)\r\n\tat java.base/java.util.concurrent.ThreadPoolExecutor.runWorker(ThreadPoolExecutor.java:1128)\r\n\tat java.base/java.util.concurrent.ThreadPoolExecutor$Worker.run(ThreadPoolExecutor.java:628)\r\n\tat java.base/java.lang.Thread.run(Thread.java:834)\r\n"},"stage":"finished","steps":[{"name":"Input textbox as Testing","status":"passed","stage":"finished","steps":[],"attachments":[],"parameters":[{"name":"inputValue","value":"Testing"}],"start":1707012437305,"stop":1707012439162},{"name":"Input textArea as Testing","status":"broken","statusDetails":{"known":false,"muted":false,"flaky":false,"message":"Cannot set the element to 'Testing'. Did you interact with the correct element?\nBuild info: version: '3.141.59', revision: 'e82be7d358', time: '2018-11-14T08:17:03'\nSystem info: host: 'DESKTOP-D2BPQHC', ip: '192.168.0.102', os.name: 'Windows 10', os.arch: 'amd64', os.version: '10.0', java.version: '11.0.17'\nDriver info: io.appium.java_client.android.AndroidDriver\nCapabilities {appActivity: com.wdiodemoapp.MainActivity, appPackage: com.wdiodemoapp, automationName: uiautomator2, databaseEnabled: false, desired: {appActivity: com.wdiodemoapp.MainActivity, appPackage: com.wdiodemoapp, automationName: uiautomator2, platformName: android, systemPort: 8300, udid: emulator-5554}, deviceApiLevel: 34, deviceManufacturer: Google, deviceModel: sdk_gphone64_x86_64, deviceName: emulator-5554, deviceScreenDensity: 560, deviceScreenSize: 1440x3120, deviceUDID: emulator-5554, javascriptEnabled: true, locationContextEnabled: false, networkConnectionEnabled: true, pixelRatio: 3.5, platform: LINUX, platformName: android, platformVersion: 14, statBarHeight: 144, systemPort: 8300, takesScreenshot: true, udid: emulator-5554, viewportRect: {height: 2748, left: 0, top: 144, width: 1440}, warnings: {}, webStorageEnabled: false}\nSession ID: 2d11a687-a347-4637-98dd-00d42a8470fc","trace":"org.openqa.selenium.InvalidElementStateException: Cannot set the element to 'Testing'. Did you interact with the correct element?\nBuild info: version: '3.141.59', revision: 'e82be7d358', time: '2018-11-14T08:17:03'\nSystem info: host: 'DESKTOP-D2BPQHC', ip: '192.168.0.102', os.name: 'Windows 10', os.arch: 'amd64', os.version: '10.0', java.version: '11.0.17'\nDriver info: io.appium.java_client.android.AndroidDriver\nCapabilities {appActivity: com.wdiodemoapp.MainActivity, appPackage: com.wdiodemoapp, automationName: uiautomator2, databaseEnabled: false, desired: {appActivity: com.wdiodemoapp.MainActivity, appPackage: com.wdiodemoapp, automationName: uiautomator2, platformName: android, systemPort: 8300, udid: emulator-5554}, deviceApiLevel: 34, deviceManufacturer: Google, deviceModel: sdk_gphone64_x86_64, deviceName: emulator-5554, deviceScreenDensity: 560, deviceScreenSize: 1440x3120, deviceUDID: emulator-5554, javascriptEnabled: true, locationContextEnabled: false, networkConnectionEnabled: true, pixelRatio: 3.5, platform: LINUX, platformName: android, platformVersion: 14, statBarHeight: 144, systemPort: 8300, takesScreenshot: true, udid: emulator-5554, viewportRect: {height: 2748, left: 0, top: 144, width: 1440}, warnings: {}, webStorageEnabled: false}\nSession ID: 2d11a687-a347-4637-98dd-00d42a8470fc\r\n\tat java.base/jdk.internal.reflect.NativeConstructorAccessorImpl.newInstance0(Native Method)\r\n\tat java.base/jdk.internal.reflect.NativeConstructorAccessorImpl.newInstance(NativeConstructorAccessorImpl.java:62)\r\n\tat java.base/jdk.internal.reflect.DelegatingConstructorAccessorImpl.newInstance(DelegatingConstructorAccessorImpl.java:45)\r\n\tat java.base/java.lang.reflect.Constructor.newInstance(Constructor.java:490)\r\n\tat org.openqa.selenium.remote.http.W3CHttpResponseCodec.createException(W3CHttpResponseCodec.java:187)\r\n\tat org.openqa.selenium.remote.http.W3CHttpResponseCodec.decode(W3CHttpResponseCodec.java:122)\r\n\tat org.openqa.selenium.remote.http.W3CHttpResponseCodec.decode(W3CHttpResponseCodec.java:49)\r\n\tat org.openqa.selenium.remote.HttpCommandExecutor.execute(HttpCommandExecutor.java:158)\r\n\tat io.appium.java_client.remote.AppiumCommandExecutor.execute(AppiumCommandExecutor.java:250)\r\n\tat org.openqa.selenium.remote.RemoteWebDriver.execute(RemoteWebDriver.java:552)\r\n\tat io.appium.java_client.DefaultGenericMobileDriver.execute(DefaultGenericMobileDriver.java:41)\r\n\tat io.appium.java_client.AppiumDriver.execute(AppiumDriver.java:1)\r\n\tat io.appium.java_client.android.AndroidDriver.execute(AndroidDriver.java:1)\r\n\tat org.openqa.selenium.remote.RemoteWebElement.execute(RemoteWebElement.java:285)\r\n\tat io.appium.java_client.DefaultGenericMobileElement.execute(DefaultGenericMobileElement.java:45)\r\n\tat io.appium.java_client.MobileElement.execute(MobileElement.java:1)\r\n\tat io.appium.java_client.android.AndroidElement.execute(AndroidElement.java:1)\r\n\tat org.openqa.selenium.remote.RemoteWebElement.sendKeys(RemoteWebElement.java:106)\r\n\tat models.components.form.FormComponent.inputTextAreaname(FormComponent.java:45)\r\n\tat test_flows.form.FormFlow.fillTheForm(FormFlow.java:72)\r\n\tat tests.form.FormTest.testFormInput(FormTest.java:13)\r\n\tat java.base/jdk.internal.reflect.NativeMethodAccessorImpl.invoke0(Native Method)\r\n\tat java.base/jdk.internal.reflect.NativeMethodAccessorImpl.invoke(NativeMethodAccessorImpl.java:62)\r\n\tat java.base/jdk.internal.reflect.DelegatingMethodAccessorImpl.invoke(DelegatingMethodAccessorImpl.java:43)\r\n\tat java.base/java.lang.reflect.Method.invoke(Method.java:566)\r\n\tat org.testng.internal.invokers.MethodInvocationHelper.invokeMethod(MethodInvocationHelper.java:135)\r\n\tat org.testng.internal.invokers.TestInvoker.invokeMethod(TestInvoker.java:673)\r\n\tat org.testng.internal.invokers.TestInvoker.invokeTestMethod(TestInvoker.java:220)\r\n\tat org.testng.internal.invokers.MethodRunner.runInSequence(MethodRunner.java:50)\r\n\tat org.testng.internal.invokers.TestInvoker$MethodInvocationAgent.invoke(TestInvoker.java:945)\r\n\tat org.testng.internal.invokers.TestInvoker.invokeTestMethods(TestInvoker.java:193)\r\n\tat org.testng.internal.invokers.TestMethodWorker.invokeTestMethods(TestMethodWorker.java:146)\r\n\tat org.testng.internal.invokers.TestMethodWorker.run(TestMethodWorker.java:128)\r\n\tat java.base/java.util.ArrayList.forEach(ArrayList.java:1541)\r\n\tat org.testng.TestRunner.privateRun(TestRunner.java:808)\r\n\tat org.testng.TestRunner.run(TestRunner.java:603)\r\n\tat org.testng.SuiteRunner.runTest(SuiteRunner.java:429)\r\n\tat org.testng.SuiteRunner.access$000(SuiteRunner.java:32)\r\n\tat org.testng.SuiteRunner$SuiteWorker.run(SuiteRunner.java:467)\r\n\tat org.testng.internal.thread.ThreadUtil.lambda$execute$0(ThreadUtil.java:58)\r\n\tat java.base/java.util.concurrent.FutureTask.run(FutureTask.java:264)\r\n\tat java.base/java.util.concurrent.ThreadPoolExecutor.runWorker(ThreadPoolExecutor.java:1128)\r\n\tat java.base/java.util.concurrent.ThreadPoolExecutor$Worker.run(ThreadPoolExecutor.java:628)\r\n\tat java.base/java.lang.Thread.run(Thread.java:834)\r\n"},"stage":"finished","steps":[],"attachments":[],"parameters":[{"name":"inputValue","value":"Testing"}],"start":1707012439163,"stop":1707012440064}],"attachments":[],"parameters":[{"name":"udid","value":"emulator-5554"},{"name":"platformName","value":"android"},{"name":"systemPort","value":"8300"}],"start":1707012411001,"stop":1707012440070}